Starting OPTICS ...
OPTICSArray: Ordering mode
Data Plot ...
Output: Data_Plot0.png
Reachability Plot ...
Output: reachability_in_OPTICSArrays1.png
i: 2 resolution: 22.831254824131534
i: 3 resolution: 39.349623696133676
i: 4 resolution: 65.09052496047131
i: 5 resolution: 75.69463145860577
i: 6 resolution: 85.82107275464367
i: 7 resolution: 94.74291206822707
i: 8 resolution: 98.31434644788987
i: 9 resolution: 100.83172494936626
i: 10 resolution: 101.05843704089858
i: 11 resolution: 103.07557817792579
i: 12 resolution: 103.57773404349972
i: 13 resolution: 106.34300111101427
i: 14 resolution: 106.68253050863773
i: 15 resolution: 107.40153377217852
i: 16 resolution: 108.14404061837719
i: 17 resolution: 108.23980579930287
i: 18 resolution: 108.5321275642181
i: 19 resolution: 108.58852769083616
i: 20 resolution: 108.90167434659112
Output: Resoution Plot 0.png
Map scope by [139.05845613479613, 36.366134504704554] [139.09154386520385, 36.38586424416687]
OPTICSArray: Pre-ordered mode
Data Plot ...
Output: Data_Plot2.png
Reachability Plot ...
Output: reachability_in_OPTICSArrays3.png
i: 2 resolution: 0.0
i: 3 resolution: 0.06186160489814746
i: 4 resolution: 0.1418698050363714
i: 5 resolution: 0.14328006994600717
i: 6 resolution: 0.152621755410733
i: 7 resolution: 0.19111876671718614
i: 8 resolution: 0.19739828063845705
i: 9 resolution: 0.21860127675109806
i: 10 resolution: 0.22183062907098772
i: 11 resolution: 0.2265258745044255
i: 12 resolution: 0.22864492539535847
i: 13 resolution: 0.2291670269657257
i: 14 resolution: 0.23204873843386803
i: 15 resolution: 0.23424046568287488
i: 16 resolution: 0.23760126722550812
i: 17 resolution: 0.24298119773343507
i: 18 resolution: 0.24529015986145336
i: 19 resolution: 0.25558206168535974
i: 20 resolution: 0.26034898771519843
Output: Resoution Plot 1.png
